<?xml version="1.0" encoding="UTF-8"?>
<testng-results skipped="0" failed="0" total="1" passed="1">
  <reporter-output>
  </reporter-output>
  <suite name="Default suite" duration-ms="24000" started-at="2013-01-01T16:00:30Z" finished-at="2013-01-01T16:00:54Z">
    <groups>
    </groups>
    <test name="Default test" duration-ms="24000" started-at="2013-01-01T16:00:30Z" finished-at="2013-01-01T16:00:54Z">
      <class name="com.pnt.qa.TestAppUsingPOI">
        <test-method status="PASS" signature="beforeMethod()[pri:0, instance:com.pnt.qa.TestAppUsingPOI@2353f67e]" name="beforeMethod" is-config="true" duration-ms="10252" started-at="2013-01-01T11:00:30Z" finished-at="2013-01-01T11:00:40Z">
          <reporter-output>
          </reporter-output>
        </test-method> <!-- beforeMethod -->
        <test-method status="PASS" signature="f()[pri:0, instance:com.pnt.qa.TestAppUsingPOI@2353f67e]" name="f" duration-ms="13145" started-at="2013-01-01T11:00:40Z" finished-at="2013-01-01T11:00:53Z">
          <reporter-output>
          </reporter-output>
        </test-method> <!-- f -->
        <test-method status="PASS" signature="afterMethod()[pri:0, instance:com.pnt.qa.TestAppUsingPOI@2353f67e]" name="afterMethod" is-config="true" duration-ms="587" started-at="2013-01-01T11:00:53Z" finished-at="2013-01-01T11:00:54Z">
          <reporter-output>
          </reporter-output>
        </test-method> <!-- afterMethod -->
      </class> <!-- com.pnt.qa.TestAppUsingPOI -->
    </test> <!-- Default test -->
  </suite> <!-- Default suite -->
</testng-results>
